  [1m[35m (4072.6ms)[0m  [1m[35mCREATE DATABASE "virtualGallery_development" ENCODING = 'unicode'[0m
  [1m[35m (1251.1ms)[0m  [1m[35mCREATE DATABASE "virtualGallery_test" ENCODING = 'unicode'[0m
  [1m[35m (1211.0ms)[0m  [1m[35mCREATE TABLE "schema_migrations" ("version" character varying NOT NULL PRIMARY KEY)[0m
  [1m[35m (112.4ms)[0m  [1m[35mCREATE TABLE "ar_internal_metadata" ("key" character varying NOT NULL PRIMARY KEY, "value" character varying, "created_at" timestamp(6) NOT NULL, "updated_at" timestamp(6) NOT NULL)[0m
  [1m[35m (0.4ms)[0m  [1m[34mSELECT pg_try_advisory_lock(8769931578474488310)[0m
  [1m[35m (0.9ms)[0m  [1m[34mSELECT "schema_migrations"."version" FROM "schema_migrations" ORDER BY "schema_migrations"."version" ASC[0m
Migrating to CreateUsers (20200319160837)
  [1m[35m (0.4ms)[0m  [1m[34mSELECT pg_advisory_unlock(8769931578474488310)[0m
  [1m[35m (0.2ms)[0m  [1m[34mSELECT pg_try_advisory_lock(8769931578474488310)[0m
  [1m[35m (0.7ms)[0m  [1m[34mSELECT "schema_migrations"."version" FROM "schema_migrations" ORDER BY "schema_migrations"."version" ASC[0m
Migrating to CreateUsers (20200319160837)
  [1m[35m (0.4ms)[0m  [1m[34mSELECT pg_advisory_unlock(8769931578474488310)[0m
  [1m[35m (0.3ms)[0m  [1m[34mSELECT pg_try_advisory_lock(8769931578474488310)[0m
  [1m[35m (0.8ms)[0m  [1m[34mSELECT "schema_migrations"."version" FROM "schema_migrations" ORDER BY "schema_migrations"."version" ASC[0m
Migrating to CreateUsers (20200319160837)
  [1m[35m (0.2ms)[0m  [1m[35mBEGIN[0m
  [1m[35m (212.6ms)[0m  [1m[35mCREATE TABLE "users" ("id" bigserial primary key, "username" character varying, "email" character varying, "password_digest" character varying, "bio" character varying, "location" character varying, "created_at" timestamp(6) NOT NULL, "updated_at" timestamp(6) NOT NULL)[0m
  [1m[36mprimary::SchemaMigration Create (0.6ms)[0m  [1m[32mINSERT INTO "schema_migrations" ("version") VALUES ($1) RETURNING "version"[0m  [["version", "20200319160837"]]
  [1m[35m (18.4ms)[0m  [1m[35mCOMMIT[0m
Migrating to CreateCollections (20200319161013)
  [1m[35m (0.3ms)[0m  [1m[35mBEGIN[0m
  [1m[35m (110.2ms)[0m  [1m[35mCREATE TABLE "collections" ("id" bigserial primary key, "category" character varying, "user_id" integer, "created_at" timestamp(6) NOT NULL, "updated_at" timestamp(6) NOT NULL)[0m
  [1m[36mprimary::SchemaMigration Create (0.3ms)[0m  [1m[32mINSERT INTO "schema_migrations" ("version") VALUES ($1) RETURNING "version"[0m  [["version", "20200319161013"]]
  [1m[35m (10.8ms)[0m  [1m[35mCOMMIT[0m
Migrating to CreateArtPieces (20200319161352)
  [1m[35m (0.3ms)[0m  [1m[34mSELECT pg_advisory_unlock(8769931578474488310)[0m
  [1m[35m (0.2ms)[0m  [1m[34mSELECT pg_try_advisory_lock(8769931578474488310)[0m
  [1m[35m (0.9ms)[0m  [1m[34mSELECT "schema_migrations"."version" FROM "schema_migrations" ORDER BY "schema_migrations"."version" ASC[0m
Migrating to CreateArtPieces (20200319161352)
  [1m[35m (0.2ms)[0m  [1m[35mBEGIN[0m
  [1m[35m (232.0ms)[0m  [1m[35mCREATE TABLE "art_pieces" ("id" bigserial primary key, "title" character varying, "objectID" integer, "isHighlight" boolean, "primaryImage" integer, "primaryImageSmall" character varying, "department" character varying, "culture" character varying, "artistDisplayName" character varying, "artistDisplayBio" character varying, "artistAlphaSort" character varying, "artistNationality" character varying, "artistWikidata_URL" character varying, "objectBeginDate" integer, "objectEndDate" integer, "medium" character varying, "dimensions" character varying, "city" character varying, "state" character varying, "country" character varying, "classification" character varying, "repository" character varying, "objectURL" character varying, "created_at" timestamp(6) NOT NULL, "updated_at" timestamp(6) NOT NULL)[0m
  [1m[36mprimary::SchemaMigration Create (0.4ms)[0m  [1m[32mINSERT INTO "schema_migrations" ("version") VALUES ($1) RETURNING "version"[0m  [["version", "20200319161352"]]
  [1m[35m (18.8ms)[0m  [1m[35mCOMMIT[0m
Migrating to CreateArtPieceCollections (20200320100536)
  [1m[35m (0.2ms)[0m  [1m[35mBEGIN[0m
  [1m[35m (41.2ms)[0m  [1m[35mCREATE TABLE "art_piece_collections" ("id" bigserial primary key, "art_piece_id" integer, "collection_id" integer, "created_at" timestamp(6) NOT NULL, "updated_at" timestamp(6) NOT NULL)[0m
  [1m[36mprimary::SchemaMigration Create (0.5ms)[0m  [1m[32mINSERT INTO "schema_migrations" ("version") VALUES ($1) RETURNING "version"[0m  [["version", "20200320100536"]]
  [1m[35m (12.1ms)[0m  [1m[35mCOMMIT[0m
  [1m[36mActiveRecord::InternalMetadata Load (0.6ms)[0m  [1m[34mSELECT "ar_internal_metadata".* FROM "ar_internal_metadata" WHERE "ar_internal_metadata"."key" = $1 LIMIT $2[0m  [["key", "environment"], ["LIMIT", 1]]
  [1m[35m (0.1ms)[0m  [1m[35mBEGIN[0m
  [1m[36mActiveRecord::InternalMetadata Create (0.8ms)[0m  [1m[32mINSERT INTO "ar_internal_metadata" ("key", "value", "created_at", "updated_at") VALUES ($1, $2, $3, $4) RETURNING "key"[0m  [["key", "environment"], ["value", "development"], ["created_at", "2020-03-20 10:17:43.084791"], ["updated_at", "2020-03-20 10:17:43.084791"]]
  [1m[35m (29.3ms)[0m  [1m[35mCOMMIT[0m
  [1m[35m (0.3ms)[0m  [1m[34mSELECT pg_advisory_unlock(8769931578474488310)[0m
  [1m[35m (1.2ms)[0m  [1m[34mSELECT "schema_migrations"."version" FROM "schema_migrations" ORDER BY "schema_migrations"."version" ASC[0m
